<?xml version="1.0" encoding="UTF-8"?>

<beans xmlns="http://www.springframework.org/schema/beans"
       xmlns:xsi="http://www.w3.org/2001/XMLSchema-instance"
       xmlns:util="http://www.springframework.org/schema/util"
       xsi:schemaLocation="http://www.springframework.org/schema/beans
    http://www.springframework.org/schema/beans/spring-beans.xsd">

    <import resource="application-context.xml"/>

    <bean id="savingAccount1" class="com.luxoft.bankapp.model.SavingAccount"
          autowire="constructor">
        <constructor-arg value="1000"/>
    </bean>

<!--    Task3-->
    <bean id="checkingAccount1" class="com.luxoft.bankapp.model.CheckingAccount"
          autowire="byName">
        <constructor-arg value="1000"/>
    </bean>

    <bean id="checkingAccount2" class="com.luxoft.bankapp.model.CheckingAccount"
          autowire="byName">
        <constructor-arg value="1500"/>
    </bean>

<!--    <util:constant static-field="com.luxoft.bankapp.model.Client.Gender.MALE" var="enumValue"/>-->

    <bean id="client1" class="com.luxoft.bankapp.model.Client"
          autowire="byName">
        <constructor-arg value="${client1}"/>
        <constructor-arg value="MALE"/>
        <property name="repository" ref="MapClientRepository"/>
        <property name="accounts">
            <list>
                <ref bean="savingAccount1"/>
                <ref bean="checkingAccount1"/>
            </list>
        </property>
        <property name="city" value="${client1.city}"/>
    </bean>

    <bean id="client2" class="com.luxoft.bankapp.model.Client"
          autowire="byName">
        <constructor-arg value="${client2}"/>
        <constructor-arg value="MALE"/>
        <property name="repository" ref="MapClientRepository"/>
        <property name="accounts">
            <list>
                <ref bean="checkingAccount2"/>
            </list>
        </property>
        <property name="city" value="${client2.city}"/>
    </bean>

    <bean class="org.springframework.context.support.PropertySourcesPlaceholderConfigurer">
        <property name="location" value="clients.properties"/>
    </bean>


</beans>
